{"level":"info","message":"Global logger initialized successfully","timestamp":"2026-02-07 22:47:37"}
{"level":"info","message":"Initializing database connection","timestamp":"2026-02-07 22:47:37"}
[db] connecting to 151.243.222.93:30036/archeryhub
{"level":"info","message":"Database connection established successfully","timestamp":"2026-02-07 22:47:37"}
[GIN-debug] [WARNING] Creating an Engine instance with the Logger and Recovery middleware already attached.

[GIN-debug] [WARNING] Running in "debug" mode. Switch to "release" mode in production.
 - using env:	export GIN_MODE=release
 - using code:	gin.SetMode(gin.ReleaseMode)

[GIN-debug] GET    /                         --> main.main.func2 (4 handlers)
[GIN-debug] GET    /media/*filepath          --> github.com/gin-gonic/gin.(*RouterGroup).createStaticHandler.func1 (4 handlers)
[GIN-debug] HEAD   /media/*filepath          --> github.com/gin-gonic/gin.(*RouterGroup).createStaticHandler.func1 (4 handlers)
[GIN-debug] GET    /api/v1/                  --> main.main.func3 (4 handlers)
[GIN-debug] GET    /api/v1/archer/me         --> main.main.GetArcherProfile.func5 (5 handlers)
[GIN-debug] GET    /api/v1/organization/me   --> main.main.GetOrganizationProfile.func7 (5 handlers)
[GIN-debug] GET    /api/v1/club/me           --> main.main.GetClubMe.func9 (5 handlers)
[GIN-debug] GET    /api/v1/seller/me         --> main.main.GetSellerProfile.func11 (5 handlers)
[GIN-debug] POST   /api/v1/auth/register     --> main.main.Register.func12 (4 handlers)
[GIN-debug] POST   /api/v1/auth/login        --> main.main.Login.func13 (4 handlers)
[GIN-debug] POST   /api/v1/auth/logout       --> main.main.Logout.func14 (4 handlers)
[GIN-debug] GET    /api/v1/auth/check-name   --> main.main.CheckNameExists.func15 (4 handlers)
[GIN-debug] GET    /api/v1/auth/google       --> main.main.InitiateGoogleAuth.func16 (4 handlers)
[GIN-debug] GET    /api/v1/auth/google/callback --> main.main.GoogleCallback.func17 (4 handlers)
[GIN-debug] POST   /api/v1/auth/google/callback --> main.main.GoogleCallback.func18 (4 handlers)
[GIN-debug] GET    /api/v1/auth/avatar/:identifier --> main.main.GetArcherProfileImage.func19 (4 handlers)
[GIN-debug] GET    /api/v1/user/profile      --> main.main.GetUserProfile.func21 (5 handlers)
[GIN-debug] PUT    /api/v1/user/profile      --> main.main.UpdateUserProfile.func22 (5 handlers)
[GIN-debug] PUT    /api/v1/user/password     --> main.main.UpdatePassword.func23 (5 handlers)
[GIN-debug] GET    /api/v1/events            --> main.main.GetEvents.func25 (5 handlers)
[GIN-debug] GET    /api/v1/events/:id        --> main.main.GetEventByID.func26 (5 handlers)
[GIN-debug] GET    /api/v1/events/:id/categories --> main.main.GetEventEvents.func27 (5 handlers)
[GIN-debug] GET    /api/v1/events/:id/participants --> main.main.GetEventParticipants.func28 (5 handlers)
[GIN-debug] GET    /api/v1/events/:id/participants/:participantId --> main.main.GetEventParticipant.func29 (5 handlers)
[GIN-debug] PUT    /api/v1/events/:id/participants/:participantId --> main.main.UpdateEventParticipant.func31 (6 handlers)
[GIN-debug] DELETE /api/v1/events/:id/participants/:participantId --> main.main.DeleteEventParticipant.func33 (6 handlers)
[GIN-debug] DELETE /api/v1/events/participants/:participantId --> main.main.CancelParticipantRegistration.func35 (6 handlers)
[GIN-debug] GET    /api/v1/events/:id/teams  --> main.main.GetEventTeams.func36 (5 handlers)
[GIN-debug] GET    /api/v1/events/:id/images --> main.main.GetEventImages.func37 (5 handlers)
[GIN-debug] GET    /api/v1/events/:id/schedule --> main.main.GetEventSchedule.func38 (5 handlers)
[GIN-debug] GET    /api/v1/events/:id/target-names --> main.main.GetTargetNames.func39 (5 handlers)
[GIN-debug] GET    /api/v1/events/:id/payment-methods --> main.main.GetEventPaymentMethods.func40 (5 handlers)
[GIN-debug] POST   /api/v1/events/participants/reregister --> main.main.ReregisterParticipant.func41 (5 handlers)
[GIN-debug] GET    /api/v1/events/:id/results/qualification --> main.main.GetPublicQualificationResults.func42 (5 handlers)
[GIN-debug] GET    /api/v1/events/:id/results/elimination --> main.main.GetPublicEliminationResults.func43 (5 handlers)
[GIN-debug] GET    /api/v1/events/my         --> main.main.GetMyEvents.func45 (6 handlers)
[GIN-debug] POST   /api/v1/events            --> main.main.CreateEvent.func46 (6 handlers)
[GIN-debug] PUT    /api/v1/events/:id        --> main.main.UpdateEvent.func47 (6 handlers)
[GIN-debug] DELETE /api/v1/events/:id        --> main.main.DeleteEvent.func48 (6 handlers)
[GIN-debug] POST   /api/v1/events/:id/publish --> main.main.PublishEvent.func49 (6 handlers)
[GIN-debug] POST   /api/v1/events/:id/categories --> main.main.CreateEventCategory.func50 (6 handlers)
[GIN-debug] POST   /api/v1/events/:id/categories/batch --> main.main.CreateEventCategories.func51 (6 handlers)
[GIN-debug] PUT    /api/v1/events/:id/categories/:categoryId --> main.main.UpdateEventCategory.func52 (6 handlers)
[GIN-debug] DELETE /api/v1/events/:id/categories/:categoryId --> main.main.DeleteEventCategory.func53 (6 handlers)
[GIN-debug] POST   /api/v1/events/:id/participants --> main.main.RegisterParticipant.func54 (6 handlers)
[GIN-debug] PUT    /api/v1/events/:id/images --> main.main.UpdateEventImages.func55 (6 handlers)
[GIN-debug] PUT    /api/v1/events/:id/schedule --> main.main.UpdateEventSchedule.func56 (6 handlers)
[GIN-debug] POST   /api/v1/events/:id/payment-methods --> main.main.CreateEventPaymentMethod.func57 (6 handlers)
[GIN-debug] PUT    /api/v1/events/:id/payment-methods/:methodId --> main.main.UpdateEventPaymentMethod.func58 (6 handlers)
[GIN-debug] DELETE /api/v1/events/:id/payment-methods/:methodId --> main.main.DeleteEventPaymentMethod.func59 (6 handlers)
[GIN-debug] POST   /api/v1/events/:id/qualification/sessions/:sessionId/assignments --> main.main.CreateBulkTargetAssignments.func60 (6 handlers)
[GIN-debug] GET    /api/v1/events/:id/qualification/sessions --> main.main.GetQualificationSessions.func62 (5 handlers)
[GIN-debug] POST   /api/v1/events/:id/qualification/sessions --> main.main.CreateQualificationSession.func63 (5 handlers)
[GIN-debug] GET    /api/v1/events/:id/qualification/leaderboard --> main.main.GetQualificationLeaderboard.func64 (5 handlers)
[GIN-debug] GET    /api/v1/events/:id/elimination/brackets --> main.main.GetBrackets.func66 (5 handlers)
[GIN-debug] POST   /api/v1/events/:id/elimination/brackets --> main.main.CreateBracket.func68 (6 handlers)
[GIN-debug] GET    /api/v1/events/:id/elimination/brackets/:bracketId --> main.main.GetBracket.func69 (5 handlers)
[GIN-debug] PUT    /api/v1/events/:id/elimination/brackets/:bracketId --> main.main.UpdateBracket.func71 (6 handlers)
[GIN-debug] DELETE /api/v1/events/:id/elimination/brackets/:bracketId --> main.main.DeleteBracket.func73 (6 handlers)
[GIN-debug] POST   /api/v1/events/:id/elimination/brackets/:bracketId/generate --> main.main.GenerateBracket.func75 (6 handlers)
[GIN-debug] PUT    /api/v1/events/:id/elimination/brackets/:bracketId/targets --> main.main.UpdateMatchTargets.func77 (6 handlers)
[GIN-debug] GET    /api/v1/events/:id/elimination/brackets/:bracketId/matches/:matchId --> main.main.GetMatch.func78 (5 handlers)
[GIN-debug] POST   /api/v1/events/:id/elimination/brackets/:bracketId/matches/:matchId/score --> main.main.UpdateMatchScore.func80 (6 handlers)
[GIN-debug] POST   /api/v1/events/:id/elimination/brackets/:bracketId/matches/:matchId/finish --> main.main.FinishMatch.func82 (6 handlers)
[GIN-debug] POST   /api/v1/events/:id/elimination/brackets/:bracketId/matches/:matchId/end --> main.main.EndMatch.func84 (6 handlers)
[GIN-debug] GET    /api/v1/qualification/sessions/:sessionId/assignments --> main.main.GetSessionAssignments.func86 (5 handlers)
[GIN-debug] POST   /api/v1/qualification/sessions/:sessionId/auto-assign --> main.main.AutoAssignParticipants.func87 (5 handlers)
[GIN-debug] GET    /api/v1/qualification/assignments/:assignmentId/scores --> main.main.GetQualificationAssignmentScores.func89 (5 handlers)
[GIN-debug] POST   /api/v1/qualification/assignments/:assignmentId/scores --> main.main.UpdateQualificationScore.func90 (5 handlers)
[GIN-debug] DELETE /api/v1/qualification/assignments/:assignmentId --> main.main.DeleteQualificationAssignment.func91 (5 handlers)
[GIN-debug] GET    /api/v1/targets           --> main.main.GetTargets.func92 (4 handlers)
[GIN-debug] GET    /api/v1/events/:id/targets --> main.main.GetEventTargets.func93 (5 handlers)
[GIN-debug] GET    /api/v1/events/:id/targets/options --> main.main.GetTargetOptions.func94 (5 handlers)
[GIN-debug] POST   /api/v1/events/:id/targets --> main.main.CreateEventTarget.func96 (6 handlers)
[GIN-debug] PUT    /api/v1/events/:id/targets/:target_id --> main.main.UpdateEventTarget.func98 (6 handlers)
[GIN-debug] DELETE /api/v1/events/:id/targets/:target_id --> main.main.DeleteEventTarget.func100 (6 handlers)
[GIN-debug] GET    /api/v1/events/:id/targets/:target_id --> main.main.GetTargetDetails.func101 (5 handlers)
[GIN-debug] GET    /api/v1/event-categories  --> main.main.ListEventCategoryRefs.func102 (4 handlers)
[GIN-debug] POST   /api/v1/event-categories  --> main.main.CreateEventCategoryRef.func103 (4 handlers)
[GIN-debug] PUT    /api/v1/event-categories/:id --> main.main.UpdateEventCategoryRef.func104 (4 handlers)
[GIN-debug] GET    /api/v1/archers           --> main.main.GetArchers.func105 (4 handlers)
[GIN-debug] GET    /api/v1/archers/:id       --> main.main.GetArcherByID.func106 (4 handlers)
[GIN-debug] GET    /api/v1/archers/:id/events --> main.main.GetArcherEvents.func107 (4 handlers)
[GIN-debug] GET    /api/v1/archers/registration-profile/:uuid --> main.main.GetArcherRegistrationProfile.func108 (4 handlers)
[GIN-debug] GET    /api/v1/archers/my/events --> main.main.GetMyArcherEvents.func110 (5 handlers)
[GIN-debug] POST   /api/v1/archers           --> main.main.CreateArcher.func111 (5 handlers)
[GIN-debug] PUT    /api/v1/archers/:id       --> main.main.UpdateArcher.func112 (5 handlers)
[GIN-debug] DELETE /api/v1/archers/:id       --> main.main.DeleteArcher.func113 (5 handlers)
[GIN-debug] GET    /api/v1/disciplines       --> main.main.GetDisciplines.func114 (4 handlers)
[GIN-debug] GET    /api/v1/bow-types         --> main.main.GetBowTypes.func115 (4 handlers)
[GIN-debug] GET    /api/v1/team-types        --> main.main.GetEventTypes.func116 (4 handlers)
[GIN-debug] GET    /api/v1/gender-divisions  --> main.main.GetGenderDivisions.func117 (4 handlers)
[GIN-debug] GET    /api/v1/age-groups        --> main.main.GetAgeGroups.func118 (4 handlers)
[GIN-debug] GET    /api/v1/cities            --> main.main.GetCities.func119 (4 handlers)
[GIN-debug] GET    /api/v1/news              --> main.main.GetNewsPublic.func120 (4 handlers)
[GIN-debug] GET    /api/v1/news/:id          --> main.main.GetNewsByID.func121 (4 handlers)
[GIN-debug] GET    /api/v1/news/my           --> main.main.GetNews.func123 (5 handlers)
[GIN-debug] POST   /api/v1/news              --> main.main.CreateNews.func124 (5 handlers)
[GIN-debug] PUT    /api/v1/news/:id          --> main.main.UpdateNews.func125 (5 handlers)
[GIN-debug] DELETE /api/v1/news/:id          --> main.main.DeleteNews.func126 (5 handlers)
[GIN-debug] GET    /api/v1/teams/event/:eventId --> main.main.GetTeams.func127 (4 handlers)
[GIN-debug] GET    /api/v1/teams/:teamId     --> main.main.GetTeam.func128 (4 handlers)
[GIN-debug] GET    /api/v1/teams/my          --> main.main.GetMyTeams.func130 (5 handlers)
[GIN-debug] POST   /api/v1/teams/event/:eventId --> main.main.CreateTeam.func131 (5 handlers)
[GIN-debug] PUT    /api/v1/teams/:teamId     --> main.main.UpdateTeam.func132 (5 handlers)
[GIN-debug] DELETE /api/v1/teams/:teamId     --> main.main.DeleteTeam.func133 (5 handlers)
[GIN-debug] POST   /api/v1/teams/event/:eventId/sync --> main.main.SyncTeams.func134 (5 handlers)
[GIN-debug] GET    /api/v1/teams/event/:eventId/rankings --> main.main.GetTeamRankings.func135 (4 handlers)
[GIN-debug] GET    /api/v1/payment/channels  --> main.main.GetPaymentChannels.func136 (4 handlers)
[GIN-debug] GET    /api/v1/payment/status/:reference --> main.main.GetPaymentStatus.func137 (4 handlers)
[GIN-debug] POST   /api/v1/payment/create    --> main.main.CreatePayment.func139 (5 handlers)
[GIN-debug] POST   /api/v1/payment/tripay/callback --> main.main.PaymentCallback.func140 (4 handlers)
[GIN-debug] GET    /api/v1/organizations     --> main.main.GetOrganizations.func141 (4 handlers)
[GIN-debug] GET    /api/v1/organizations/:slug --> main.main.GetOrganizationBySlug.func142 (4 handlers)
[GIN-debug] PUT    /api/v1/organizations/me  --> main.main.UpdateOrganizationProfile.func144 (5 handlers)
[GIN-debug] GET    /api/v1/clubs             --> main.main.GetClubs.func145 (4 handlers)
[GIN-debug] GET    /api/v1/clubs/availability --> main.main.CheckSlugAvailability.func146 (4 handlers)
[GIN-debug] GET    /api/v1/clubs/profile/:slug --> main.main.GetClubProfile.func147 (4 handlers)
[GIN-debug] PUT    /api/v1/clubs/me          --> main.main.UpdateClubMe.func149 (5 handlers)
[GIN-debug] GET    /api/v1/clubs/dashboard/stats --> main.main.GetClubDashboardStats.func150 (5 handlers)
[GIN-debug] PUT    /api/v1/clubs/profile     --> main.main.UpdateMyClubProfile.func151 (5 handlers)
[GIN-debug] PUT    /api/v1/sellers/me        --> main.main.UpdateSellerProfile.func153 (5 handlers)
[GIN-debug] GET    /api/v1/media/download/:filename --> main.main.DownloadMedia.func154 (4 handlers)
[GIN-debug] GET    /api/v1/media/:filename   --> main.main.GetMedia.func155 (4 handlers)
[GIN-debug] POST   /api/v1/media/upload      --> main.main.UploadMedia.func157 (5 handlers)
[GIN-debug] GET    /api/v1/media             --> main.main.ListMedia.func158 (5 handlers)
[GIN-debug] DELETE /api/v1/media/:id         --> main.main.DeleteMedia.func159 (5 handlers)
{"level":"info","message":"Archery Hub API starting","port":"8001","timestamp":"2026-02-07 22:47:37"}
[GIN-debug] [WARNING] You trusted all proxies, this is NOT safe. We recommend you to set a value.
Please check https://pkg.go.dev/github.com/gin-gonic/gin#readme-don-t-trust-all-proxies for details.
[GIN-debug] Listening and serving HTTP on :8001
[GIN-debug] [ERROR] listen tcp :8001: bind: Only one usage of each socket address (protocol/network address/port) is normally permitted.
{"level":"fatal","message":"listen tcp :8001: bind: Only one usage of each socket address (protocol/network address/port) is normally permitted.","timestamp":"2026-02-07 22:47:37"}
